<?xml version="1.0" encoding="UTF-8"?>
<testsuite xmlns:xsi="http://www.w3.org/2001/XMLSchema-instance" xsi:noNamespaceSchemaLocation="https://maven.apache.org/surefire/maven-surefire-plugin/xsd/surefire-test-report.xsd" name="br.ce.wcaquino.servicos.LocacaoServiceTest" time="0.71" tests="13" errors="0" skipped="1" failures="0">
  <properties>
[...]
</properties>
  <testcase name="deveEnviarEmailParaLocacoesAtrasadas" classname="br.ce.wcaquino.servicos.LocacaoServiceTest" time="0.71"/>
  <testcase name="testeLocacao_usuarioVazio" classname="br.ce.wcaquino.servicos.LocacaoServiceTest" time="0.689"/>
  <testcase name="deveTratarErroNoSPC" classname="br.ce.wcaquino.servicos.LocacaoServiceTest" time="0.704"/>
  <testcase name="deveProrrogarUmaLocacao" classname="br.ce.wcaquino.servicos.LocacaoServiceTest" time="0.709"/>
  <testcase name="devePagar0pctNoFilme6" classname="br.ce.wcaquino.servicos.LocacaoServiceTest" time="0.697"/>
  <testcase name="testeLocacao_filmeVazio" classname="br.ce.wcaquino.servicos.LocacaoServiceTest" time="0.695"/>
  <testcase name="devePagar75pctNoFilme3" classname="br.ce.wcaquino.servicos.LocacaoServiceTest" time="0.7"/>
  <testcase name="devePagar25pctNoFilme5" classname="br.ce.wcaquino.servicos.LocacaoServiceTest" time="0.696"/>
  <testcase name="testeLocacao_filmeSemEsstoque" classname="br.ce.wcaquino.servicos.LocacaoServiceTest" time="0.68"/>
  <testcase name="deveDevolverNaSegundaAoAlugarNoSabado" classname="br.ce.wcaquino.servicos.LocacaoServiceTest" time="0">
    <skipped message="got: &lt;false&gt;, expected: is &lt;true&gt;"/>
  </testcase>
  <testcase name="naoDeveAlugarFilmeParaUsuarioNegativadoSPC" classname="br.ce.wcaquino.servicos.LocacaoServiceTest" time="0.046"/>
  <testcase name="deveAlugarFilme" classname="br.ce.wcaquino.servicos.LocacaoServiceTest" time="0.036"/>
  <testcase name="devePagar50pctNoFilme4" classname="br.ce.wcaquino.servicos.LocacaoServiceTest" time="0.024"/>
</testsuite>